Build started 4/4/2019 12:24:38 PM.
     1>Project "C:\Downloads\OpenGL_Game\OpenGL_Sprite\OpenGL_Sprite.vcxproj" on node 2 (build target(s)).
     1>InitializeBuildStatus:
         Creating "Debug\OpenGL_Sprite.unsuccessfulbuild" because "AlwaysCreate" was specified.
       ClCompile:
         All outputs are up-to-date.
         c:\Program Files (x86)\Microsoft Visual Studio 10.0\VC\bin\CL.exe /c /IC:\Downloads\OpenGL_Sprite\freeglut_bin /ZI /nologo /W3 /WX- /Od /Oy- /D WIN32 /D _DEBUG /D _CONSOLE /D _UNICODE /D UNICODE /Gm /EHsc /RTC1 /MDd /GS /fp:precise /Zc:wchar_t /Zc:forScope /Yu"StdAfx.h" /Fp"Debug\OpenGL_Sprite.pch" /Fo"Debug\\" /Fd"Debug\vc100.pdb" /Gd /TP /analyze- /errorReport:prompt OpenGL_Sprite.cpp
         OpenGL_Sprite.cpp
     1>c:\downloads\opengl_game\opengl_sprite\sprite.h(96): warning C4244: 'argument' : conversion from 'int' to 'GLfloat', possible loss of data
     1>c:\downloads\opengl_game\opengl_sprite\sprite.h(96): warning C4244: 'argument' : conversion from 'int' to 'GLfloat', possible loss of data
     1>c:\downloads\opengl_game\opengl_sprite\sprite.h(112): warning C4244: '=' : conversion from 'int' to 'float', possible loss of data
     1>c:\downloads\opengl_game\opengl_sprite\sprite.h(113): warning C4244: '=' : conversion from 'int' to 'float', possible loss of data
     1>c:\downloads\opengl_game\opengl_sprite\sprite.h(179): warning C4305: 'initializing' : truncation from 'double' to 'float'
     1>c:\downloads\opengl_game\opengl_sprite\sprite.h(180): warning C4305: 'initializing' : truncation from 'double' to 'float'
     1>c:\downloads\opengl_game\opengl_sprite\opengl_sprite.cpp(32): warning C4996: 'sprintf': This function or variable may be unsafe. Consider using sprintf_s instead. To disable deprecation, use _CRT_SECURE_NO_WARNINGS. See online help for details.
                 c:\program files (x86)\microsoft visual studio 10.0\vc\include\stdio.h(371) : see declaration of 'sprintf'
     1>c:\downloads\opengl_game\opengl_sprite\opengl_sprite.cpp(89): warning C4244: '=' : conversion from 'int' to 'float', possible loss of data
     1>c:\downloads\opengl_game\opengl_sprite\opengl_sprite.cpp(91): warning C4244: '=' : conversion from 'int' to 'float', possible loss of data
       ManifestResourceCompile:
         All outputs are up-to-date.
       Link:
         c:\Program Files (x86)\Microsoft Visual Studio 10.0\VC\bin\link.exe /ERRORREPORT:PROMPT /OUT:"C:\Downloads\OpenGL_Game\Debug\OpenGL_Sprite.exe" /INCREMENTAL /NOLOGO /LIBPATH:C:\Downloads\OpenGL_Sprite\freeglut_bin freeglut.lib kernel32.lib user32.lib gdi32.lib winspool.lib comdlg32.lib advapi32.lib shell32.lib ole32.lib oleaut32.lib uuid.lib odbc32.lib odbccp32.lib /MANIFEST /ManifestFile:"Debug\OpenGL_Sprite.exe.intermediate.manifest" /MANIFESTUAC:"level='asInvoker' uiAccess='false'" /DEBUG /PDB:"C:\Downloads\OpenGL_Game\Debug\OpenGL_Sprite.pdb" /SUBSYSTEM:CONSOLE /TLBID:1 /DYNAMICBASE /NXCOMPAT /IMPLIB:"C:\Downloads\OpenGL_Game\Debug\OpenGL_Sprite.lib" /MACHINE:X86 Debug\OpenGL_Sprite.exe.embed.manifest.res
         Debug\OpenGL_Sprite.obj
         Debug\stdafx.obj
       Manifest:
         C:\Program Files (x86)\Microsoft SDKs\Windows\v7.0A\bin\mt.exe /nologo /verbose /out:"Debug\OpenGL_Sprite.exe.embed.manifest" /manifest Debug\OpenGL_Sprite.exe.intermediate.manifest
         All outputs are up-to-date.
       LinkEmbedManifest:
         All outputs are up-to-date.
         OpenGL_Sprite.vcxproj -> C:\Downloads\OpenGL_Game\Debug\OpenGL_Sprite.exe
       FinalizeBuildStatus:
         Deleting file "Debug\OpenGL_Sprite.unsuccessfulbuild".
         Touching "Debug\OpenGL_Sprite.lastbuildstate".
     1>Done Building Project "C:\Downloads\OpenGL_Game\OpenGL_Sprite\OpenGL_Sprite.vcxproj" (build target(s)).

Build succeeded.

Time Elapsed 00:00:01.24
