Build started 4/30/2019 11:14:29 AM.
     1>Project "X:\OpenGL_Sprite\OpenGL_Sprite\OpenGL_Sprite.vcxproj" on node 2 (build target(s)).
     1>InitializeBuildStatus:
         Creating "Debug\OpenGL_Sprite.unsuccessfulbuild" because "AlwaysCreate" was specified.
       ClCompile:
         c:\Program Files (x86)\Microsoft Visual Studio 10.0\VC\bin\CL.exe /c /IC:\Downloads\OpenGL_Sprite\freeglut_bin /ZI /nologo /W3 /WX- /Od /Oy- /D WIN32 /D _DEBUG /D _CONSOLE /D _UNICODE /D UNICODE /Gm /EHsc /RTC1 /MDd /GS /fp:precise /Zc:wchar_t /Zc:forScope /Yc"StdAfx.h" /Fp"Debug\OpenGL_Sprite.pch" /Fo"Debug\\" /Fd"Debug\vc100.pdb" /Gd /TP /analyze- /errorReport:prompt stdafx.cpp
         stdafx.cpp
         c:\Program Files (x86)\Microsoft Visual Studio 10.0\VC\bin\CL.exe /c /IC:\Downloads\OpenGL_Sprite\freeglut_bin /ZI /nologo /W3 /WX- /Od /Oy- /D WIN32 /D _DEBUG /D _CONSOLE /D _UNICODE /D UNICODE /Gm /EHsc /RTC1 /MDd /GS /fp:precise /Zc:wchar_t /Zc:forScope /Yu"StdAfx.h" /Fp"Debug\OpenGL_Sprite.pch" /Fo"Debug\\" /Fd"Debug\vc100.pdb" /Gd /TP /analyze- /errorReport:prompt OpenGL_Sprite.cpp
         OpenGL_Sprite.cpp
     1>x:\opengl_sprite\opengl_sprite\opengl_sprite.cpp(51): warning C4244: 'argument' : conversion from 'double' to 'GLfloat', possible loss of data
     1>x:\opengl_sprite\opengl_sprite\opengl_sprite.cpp(53): warning C4244: 'argument' : conversion from 'double' to 'GLfloat', possible loss of data
     1>x:\opengl_sprite\opengl_sprite\opengl_sprite.cpp(55): warning C4244: 'argument' : conversion from 'double' to 'GLfloat', possible loss of data
     1>x:\opengl_sprite\opengl_sprite\opengl_sprite.cpp(57): warning C4244: 'argument' : conversion from 'double' to 'GLfloat', possible loss of data
       ManifestResourceCompile:
         C:\Program Files (x86)\Microsoft SDKs\Windows\v7.0A\bin\rc.exe /nologo /fo"Debug\OpenGL_Sprite.exe.embed.manifest.res" Debug\OpenGL_Sprite_manifest.rc 
       Link:
         c:\Program Files (x86)\Microsoft Visual Studio 10.0\VC\bin\link.exe /ERRORREPORT:PROMPT /OUT:"X:\OpenGL_Sprite\Debug\OpenGL_Sprite.exe" /INCREMENTAL /NOLOGO /LIBPATH:C:\Downloads\OpenGL_Sprite\freeglut_bin freeglut.lib kernel32.lib user32.lib gdi32.lib winspool.lib comdlg32.lib advapi32.lib shell32.lib ole32.lib oleaut32.lib uuid.lib odbc32.lib odbccp32.lib /MANIFEST /ManifestFile:"Debug\OpenGL_Sprite.exe.intermediate.manifest" /MANIFESTUAC:"level='asInvoker' uiAccess='false'" /DEBUG /PDB:"X:\OpenGL_Sprite\Debug\OpenGL_Sprite.pdb" /SUBSYSTEM:CONSOLE /TLBID:1 /DYNAMICBASE /NXCOMPAT /IMPLIB:"X:\OpenGL_Sprite\Debug\OpenGL_Sprite.lib" /MACHINE:X86 Debug\OpenGL_Sprite.exe.embed.manifest.res
         Debug\OpenGL_Sprite.obj
         Debug\stdafx.obj
       Manifest:
         C:\Program Files (x86)\Microsoft SDKs\Windows\v7.0A\bin\mt.exe /nologo /verbose /out:"Debug\OpenGL_Sprite.exe.embed.manifest" /manifest Debug\OpenGL_Sprite.exe.intermediate.manifest
         C:\Program Files (x86)\Microsoft SDKs\Windows\v7.0A\bin\rc.exe /nologo /fo"Debug\OpenGL_Sprite.exe.embed.manifest.res" Debug\OpenGL_Sprite_manifest.rc 
       LinkEmbedManifest:
         c:\Program Files (x86)\Microsoft Visual Studio 10.0\VC\bin\link.exe /ERRORREPORT:PROMPT /OUT:"X:\OpenGL_Sprite\Debug\OpenGL_Sprite.exe" /INCREMENTAL /NOLOGO /LIBPATH:C:\Downloads\OpenGL_Sprite\freeglut_bin freeglut.lib kernel32.lib user32.lib gdi32.lib winspool.lib comdlg32.lib advapi32.lib shell32.lib ole32.lib oleaut32.lib uuid.lib odbc32.lib odbccp32.lib /MANIFEST /ManifestFile:"Debug\OpenGL_Sprite.exe.intermediate.manifest" /MANIFESTUAC:"level='asInvoker' uiAccess='false'" /DEBUG /PDB:"X:\OpenGL_Sprite\Debug\OpenGL_Sprite.pdb" /SUBSYSTEM:CONSOLE /TLBID:1 /DYNAMICBASE /NXCOMPAT /IMPLIB:"X:\OpenGL_Sprite\Debug\OpenGL_Sprite.lib" /MACHINE:X86 Debug\OpenGL_Sprite.exe.embed.manifest.res
         Debug\OpenGL_Sprite.obj
         Debug\stdafx.obj
         OpenGL_Sprite.vcxproj -> X:\OpenGL_Sprite\Debug\OpenGL_Sprite.exe
       FinalizeBuildStatus:
         Deleting file "Debug\OpenGL_Sprite.unsuccessfulbuild".
         Touching "Debug\OpenGL_Sprite.lastbuildstate".
     1>Done Building Project "X:\OpenGL_Sprite\OpenGL_Sprite\OpenGL_Sprite.vcxproj" (build target(s)).

Build succeeded.

Time Elapsed 00:00:06.26
